msbuild 버전 17.14.40+3e7442088(.NET Framework용)
빌드 시작: 2026-04-22 오후 5:16:16

1 노드의 "C:\Info\Project\DataMeasurement\WPF_Example\DatumMeasurement.csproj" 프로젝트(Rebuild 대상)입니다.
CoreClean:
  "C:\Info\Project\DataMeasurement\WPF_Example\bin\x64\Debug\dll\x86\OpenCvSharpExtern.dll" 파일을 삭제하고 있습니다.
  "C:\Info\Project\DataMeasurement\WPF_Example\bin\x64\Debug\dll\x86\opencv_videoio_ffmpeg480.dll" 파일을 삭제하고 있습니다.
  "C:\Info\Project\DataMeasurement\WPF_Example\bin\x64\Debug\dll\x64\OpenCvSharpExtern.dll" 파일을 삭제하고 있습니다.
  "C:\Info\Project\DataMeasurement\WPF_Example\bin\x64\Debug\dll\x64\opencv_videoio_ffmpeg480_64.dll" 파일을 삭제하고 있습니다.
  "C:\Info\Project\DataMeasurement\WPF_Example\bin\x64\Debug\Resource\main_icon.png" 파일을 삭제하고 있습니다.
  "C:\Info\Project\DataMeasurement\WPF_Example\bin\x64\Debug\DatumMeasurement.exe.config" 파일을 삭제하고 있습니다.
  "C:\Info\Project\DataMeasurement\WPF_Example\bin\x64\Debug\DatumMeasurement.exe" 파일을 삭제하고 있습니다.
  "C:\Info\Project\DataMeasurement\WPF_Example\bin\x64\Debug\DatumMeasurement.pdb" 파일을 삭제하고 있습니다.
  "C:\Info\Project\DataMeasurement\WPF_Example\bin\x64\Debug\en-US\DatumMeasurement.resources.dll" 파일을 삭제하고 있습니다.
  "C:\Info\Project\DataMeasurement\WPF_Example\bin\x64\Debug\vi-VN\DatumMeasurement.resources.dll" 파일을 삭제하고 있습니다.
  "C:\Info\Project\DataMeasurement\WPF_Example\bin\x64\Debug\ko-KR\DatumMeasurement.resources.dll" 파일을 삭제하고 있습니다.
  "C:\Info\Project\DataMeasurement\WPF_Example\bin\x64\Debug\ChartDirector.Net.Desktop.Controls.dll" 파일을 삭제하고 있습니다.
  "C:\Info\Project\DataMeasurement\WPF_Example\bin\x64\Debug\halcondotnet.dll" 파일을 삭제하고 있습니다.
  "C:\Info\Project\DataMeasurement\WPF_Example\bin\x64\Debug\ImageGlass.ImageBox.dll" 파일을 삭제하고 있습니다.
  "C:\Info\Project\DataMeasurement\WPF_Example\bin\x64\Debug\MathNet.Numerics.dll" 파일을 삭제하고 있습니다.
  "C:\Info\Project\DataMeasurement\WPF_Example\bin\x64\Debug\netchartdir.dll" 파일을 삭제하고 있습니다.
  "C:\Info\Project\DataMeasurement\WPF_Example\bin\x64\Debug\Newtonsoft.Json.dll" 파일을 삭제하고 있습니다.
  "C:\Info\Project\DataMeasurement\WPF_Example\bin\x64\Debug\Ookii.Dialogs.Wpf.dll" 파일을 삭제하고 있습니다.
  "C:\Info\Project\DataMeasurement\WPF_Example\bin\x64\Debug\OpenCvSharp.dll" 파일을 삭제하고 있습니다.
  "C:\Info\Project\DataMeasurement\WPF_Example\bin\x64\Debug\OpenCvSharp.Extensions.dll" 파일을 삭제하고 있습니다.
  "C:\Info\Project\DataMeasurement\WPF_Example\bin\x64\Debug\OpenCvSharp.WpfExtensions.dll" 파일을 삭제하고 있습니다.
  "C:\Info\Project\DataMeasurement\WPF_Example\bin\x64\Debug\System.Buffers.dll" 파일을 삭제하고 있습니다.
  "C:\Info\Project\DataMeasurement\WPF_Example\bin\x64\Debug\System.Drawing.Common.dll" 파일을 삭제하고 있습니다.
  "C:\Info\Project\DataMeasurement\WPF_Example\bin\x64\Debug\System.Memory.dll" 파일을 삭제하고 있습니다.
  "C:\Info\Project\DataMeasurement\WPF_Example\bin\x64\Debug\System.Numerics.Vectors.dll" 파일을 삭제하고 있습니다.
  "C:\Info\Project\DataMeasurement\WPF_Example\bin\x64\Debug\System.Runtime.CompilerServices.Unsafe.dll" 파일을 삭제하고 있습니다.
  "C:\Info\Project\DataMeasurement\WPF_Example\bin\x64\Debug\System.ValueTuple.dll" 파일을 삭제하고 있습니다.
  "C:\Info\Project\DataMeasurement\WPF_Example\bin\x64\Debug\zxing.dll" 파일을 삭제하고 있습니다.
  "C:\Info\Project\DataMeasurement\WPF_Example\bin\x64\Debug\zxing.presentation.dll" 파일을 삭제하고 있습니다.
  "C:\Info\Project\DataMeasurement\WPF_Example\bin\x64\Debug\MathNet.Numerics.xml" 파일을 삭제하고 있습니다.
  "C:\Info\Project\DataMeasurement\WPF_Example\bin\x64\Debug\netchartdir.xml" 파일을 삭제하고 있습니다.
  "C:\Info\Project\DataMeasurement\WPF_Example\bin\x64\Debug\Newtonsoft.Json.xml" 파일을 삭제하고 있습니다.
  "C:\Info\Project\DataMeasurement\WPF_Example\bin\x64\Debug\Ookii.Dialogs.Wpf.pdb" 파일을 삭제하고 있습니다.
  "C:\Info\Project\DataMeasurement\WPF_Example\bin\x64\Debug\Ookii.Dialogs.Wpf.xml" 파일을 삭제하고 있습니다.
  "C:\Info\Project\DataMeasurement\WPF_Example\bin\x64\Debug\OpenCvSharp.xml" 파일을 삭제하고 있습니다.
  "C:\Info\Project\DataMeasurement\WPF_Example\bin\x64\Debug\OpenCvSharp.Extensions.xml" 파일을 삭제하고 있습니다.
  "C:\Info\Project\DataMeasurement\WPF_Example\bin\x64\Debug\OpenCvSharp.WpfExtensions.xml" 파일을 삭제하고 있습니다.
  "C:\Info\Project\DataMeasurement\WPF_Example\bin\x64\Debug\System.Buffers.xml" 파일을 삭제하고 있습니다.
  "C:\Info\Project\DataMeasurement\WPF_Example\bin\x64\Debug\System.Drawing.Common.xml" 파일을 삭제하고 있습니다.
  "C:\Info\Project\DataMeasurement\WPF_Example\bin\x64\Debug\System.Memory.xml" 파일을 삭제하고 있습니다.
  "C:\Info\Project\DataMeasurement\WPF_Example\bin\x64\Debug\System.Numerics.Vectors.xml" 파일을 삭제하고 있습니다.
  "C:\Info\Project\DataMeasurement\WPF_Example\bin\x64\Debug\System.Runtime.CompilerServices.Unsafe.xml" 파일을 삭제하고 있습니다.
  "C:\Info\Project\DataMeasurement\WPF_Example\bin\x64\Debug\System.ValueTuple.xml" 파일을 삭제하고 있습니다.
  "C:\Info\Project\DataMeasurement\WPF_Example\bin\x64\Debug\zxing.xml" 파일을 삭제하고 있습니다.
  "C:\Info\Project\DataMeasurement\WPF_Example\bin\x64\Debug\zxing.presentation.xml" 파일을 삭제하고 있습니다.
  "C:\Info\Project\DataMeasurement\WPF_Example\bin\x64\Debug\halcondotnet.xml" 파일을 삭제하고 있습니다.
  "C:\Info\Project\DataMeasurement\WPF_Example\obj\x64\Debug\UI\ContentItem\MainResultViewerControl.baml" 파일을 삭제하고 있습니다.
  "C:\Info\Project\DataMeasurement\WPF_Example\obj\x64\Debug\UI\ContentItem\HalconViewerControl.baml" 파일을 삭제하고 있습니다.
  "C:\Info\Project\DataMeasurement\WPF_Example\obj\x64\Debug\MainWindow.g.cs" 파일을 삭제하고 있습니다.
  "C:\Info\Project\DataMeasurement\WPF_Example\obj\x64\Debug\UI\ContentItem\LogView.g.cs" 파일을 삭제하고 있습니다.
  "C:\Info\Project\DataMeasurement\WPF_Example\obj\x64\Debug\UI\ContentItem\MainView.g.cs" 파일을 삭제하고 있습니다.
  "C:\Info\Project\DataMeasurement\WPF_Example\obj\x64\Debug\UI\ContentItem\MainResultViewerControl.g.cs" 파일을 삭제하고 있습니다.
  "C:\Info\Project\DataMeasurement\WPF_Example\obj\x64\Debug\UI\ControlItem\CalibrationView.g.cs" 파일을 삭제하고 있습니다.
  "C:\Info\Project\DataMeasurement\WPF_Example\obj\x64\Debug\UI\ControlItem\ModelFinderView.g.cs" 파일을 삭제하고 있습니다.
  "C:\Info\Project\DataMeasurement\WPF_Example\obj\x64\Debug\UI\ControlItem\InspectionListView.g.cs" 파일을 삭제하고 있습니다.
  "C:\Info\Project\DataMeasurement\WPF_Example\obj\x64\Debug\UI\Device\DeviceSelector.g.cs" 파일을 삭제하고 있습니다.
  "C:\Info\Project\DataMeasurement\WPF_Example\obj\x64\Debug\UI\Light\LightChannelView.g.cs" 파일을 삭제하고 있습니다.
  "C:\Info\Project\DataMeasurement\WPF_Example\obj\x64\Debug\UI\Light\LightControllerView.g.cs" 파일을 삭제하고 있습니다.
  "C:\Info\Project\DataMeasurement\WPF_Example\obj\x64\Debug\UI\Light\LightHandlerWindow.g.cs" 파일을 삭제하고 있습니다.
  "C:\Info\Project\DataMeasurement\WPF_Example\obj\x64\Debug\UI\Light\LightGroupView.g.cs" 파일을 삭제하고 있습니다.
  "C:\Info\Project\DataMeasurement\WPF_Example\obj\x64\Debug\UI\Login\AccountManagerWindow.g.cs" 파일을 삭제하고 있습니다.
  "C:\Info\Project\DataMeasurement\WPF_Example\obj\x64\Debug\UI\Login\LoginWindow.g.cs" 파일을 삭제하고 있습니다.
  "C:\Info\Project\DataMeasurement\WPF_Example\obj\x64\Debug\UI\Dialog\MessageBoxWindow.g.cs" 파일을 삭제하고 있습니다.
  "C:\Info\Project\DataMeasurement\WPF_Example\obj\x64\Debug\UI\Log\LogViewWindow.g.cs" 파일을 삭제하고 있습니다.
  "C:\Info\Project\DataMeasurement\WPF_Example\obj\x64\Debug\UI\ProcessMonitor\ProcessMonitorWindow.g.cs" 파일을 삭제하고 있습니다.
  "C:\Info\Project\DataMeasurement\WPF_Example\obj\x64\Debug\UI\Recipe\OpenRecipeWindow.g.cs" 파일을 삭제하고 있습니다.
  "C:\Info\Project\DataMeasurement\WPF_Example\obj\x64\Debug\UI\Dialog\TextInputBoxWindow.g.cs" 파일을 삭제하고 있습니다.
  "C:\Info\Project\DataMeasurement\WPF_Example\obj\x64\Debug\UI\Setting\SettingWindow.g.cs" 파일을 삭제하고 있습니다.
  "C:\Info\Project\DataMeasurement\WPF_Example\obj\x64\Debug\UI\MenuBar.g.cs" 파일을 삭제하고 있습니다.
  "C:\Info\Project\DataMeasurement\WPF_Example\obj\x64\Debug\UI\StatusBar.g.cs" 파일을 삭제하고 있습니다.
  "C:\Info\Project\DataMeasurement\WPF_Example\obj\x64\Debug\UI\TcpServer\TcpServerWindow.g.cs" 파일을 삭제하고 있습니다.
  "C:\Info\Project\DataMeasurement\WPF_Example\obj\x64\Debug\UI\Dialog\TeachingWindow.g.cs" 파일을 삭제하고 있습니다.
  "C:\Info\Project\DataMeasurement\WPF_Example\obj\x64\Debug\UI\ContentItem\HalconViewerControl.g.cs" 파일을 삭제하고 있습니다.
  "C:\Info\Project\DataMeasurement\WPF_Example\obj\x64\Debug\App.g.cs" 파일을 삭제하고 있습니다.
  "C:\Info\Project\DataMeasurement\WPF_Example\obj\x64\Debug\DatumMeasurement_Content.g.cs" 파일을 삭제하고 있습니다.
  "C:\Info\Project\DataMeasurement\WPF_Example\obj\x64\Debug\GeneratedInternalTypeHelper.g.cs" 파일을 삭제하고 있습니다.
  "C:\Info\Project\DataMeasurement\WPF_Example\obj\x64\Debug\DatumMeasurement_MarkupCompile.cache" 파일을 삭제하고 있습니다.
  "C:\Info\Project\DataMeasurement\WPF_Example\obj\x64\Debug\DatumMeasurement_MarkupCompile.lref" 파일을 삭제하고 있습니다.
  "C:\Info\Project\DataMeasurement\WPF_Example\obj\x64\Debug\App.baml" 파일을 삭제하고 있습니다.
  "C:\Info\Project\DataMeasurement\WPF_Example\obj\x64\Debug\MainWindow.baml" 파일을 삭제하고 있습니다.
  "C:\Info\Project\DataMeasurement\WPF_Example\obj\x64\Debug\UI\ContentItem\LogView.baml" 파일을 삭제하고 있습니다.
  "C:\Info\Project\DataMeasurement\WPF_Example\obj\x64\Debug\UI\ContentItem\MainView.baml" 파일을 삭제하고 있습니다.
  "C:\Info\Project\DataMeasurement\WPF_Example\obj\x64\Debug\UI\ControlItem\CalibrationView.baml" 파일을 삭제하고 있습니다.
  "C:\Info\Project\DataMeasurement\WPF_Example\obj\x64\Debug\UI\ControlItem\ModelFinderView.baml" 파일을 삭제하고 있습니다.
  "C:\Info\Project\DataMeasurement\WPF_Example\obj\x64\Debug\UI\ControlItem\InspectionListView.baml" 파일을 삭제하고 있습니다.
  "C:\Info\Project\DataMeasurement\WPF_Example\obj\x64\Debug\UI\Device\DeviceSelector.baml" 파일을 삭제하고 있습니다.
  "C:\Info\Project\DataMeasurement\WPF_Example\obj\x64\Debug\UI\Light\LightChannelView.baml" 파일을 삭제하고 있습니다.
  "C:\Info\Project\DataMeasurement\WPF_Example\obj\x64\Debug\UI\Light\LightControllerView.baml" 파일을 삭제하고 있습니다.
  "C:\Info\Project\DataMeasurement\WPF_Example\obj\x64\Debug\UI\Light\LightHandlerWindow.baml" 파일을 삭제하고 있습니다.
  "C:\Info\Project\DataMeasurement\WPF_Example\obj\x64\Debug\UI\Light\LightGroupView.baml" 파일을 삭제하고 있습니다.
  "C:\Info\Project\DataMeasurement\WPF_Example\obj\x64\Debug\UI\Login\AccountManagerWindow.baml" 파일을 삭제하고 있습니다.
  "C:\Info\Project\DataMeasurement\WPF_Example\obj\x64\Debug\UI\Login\LoginWindow.baml" 파일을 삭제하고 있습니다.
  "C:\Info\Project\DataMeasurement\WPF_Example\obj\x64\Debug\UI\Dialog\MessageBoxWindow.baml" 파일을 삭제하고 있습니다.
  "C:\Info\Project\DataMeasurement\WPF_Example\obj\x64\Debug\UI\Log\LogViewWindow.baml" 파일을 삭제하고 있습니다.
  "C:\Info\Project\DataMeasurement\WPF_Example\obj\x64\Debug\UI\ProcessMonitor\ProcessMonitorWindow.baml" 파일을 삭제하고 있습니다.
  "C:\Info\Project\DataMeasurement\WPF_Example\obj\x64\Debug\UI\Recipe\OpenRecipeWindow.baml" 파일을 삭제하고 있습니다.
  "C:\Info\Project\DataMeasurement\WPF_Example\obj\x64\Debug\UI\Dialog\TextInputBoxWindow.baml" 파일을 삭제하고 있습니다.
  "C:\Info\Project\DataMeasurement\WPF_Example\obj\x64\Debug\UI\Setting\SettingWindow.baml" 파일을 삭제하고 있습니다.
  "C:\Info\Project\DataMeasurement\WPF_Example\obj\x64\Debug\UI\MenuBar.baml" 파일을 삭제하고 있습니다.
  "C:\Info\Project\DataMeasurement\WPF_Example\obj\x64\Debug\UI\StatusBar.baml" 파일을 삭제하고 있습니다.
  "C:\Info\Project\DataMeasurement\WPF_Example\obj\x64\Debug\UI\TcpServer\TcpServerWindow.baml" 파일을 삭제하고 있습니다.
  "C:\Info\Project\DataMeasurement\WPF_Example\obj\x64\Debug\UI\Dialog\TeachingWindow.baml" 파일을 삭제하고 있습니다.
  "C:\Info\Project\DataMeasurement\WPF_Example\obj\x64\Debug\DatumMeasurement.g.resources" 파일을 삭제하고 있습니다.
  "C:\Info\Project\DataMeasurement\WPF_Example\obj\x64\Debug\ReringProject.Properties.Resources.resources" 파일을 삭제하고 있습니다.
  "C:\Info\Project\DataMeasurement\WPF_Example\obj\x64\Debug\ReringProject.Properties.Resources.en-US.resources" 파일을 삭제하고 있습니다.
  "C:\Info\Project\DataMeasurement\WPF_Example\obj\x64\Debug\ReringProject.Properties.Resources.vi-VN.resources" 파일을 삭제하고 있습니다.
  "C:\Info\Project\DataMeasurement\WPF_Example\obj\x64\Debug\ReringProject.Properties.Resources.ko-KR.resources" 파일을 삭제하고 있습니다.
  "C:\Info\Project\DataMeasurement\WPF_Example\obj\x64\Debug\DatumMeasurement.csproj.GenerateResource.cache" 파일을 삭제하고 있습니다.
  "C:\Info\Project\DataMeasurement\WPF_Example\obj\x64\Debug\DatumMeasurement.csproj.CoreCompileInputs.cache" 파일을 삭제하고 있습니다.
  "C:\Info\Project\DataMeasurement\WPF_Example\obj\x64\Debug\en-US\DatumMeasurement.resources.dll" 파일을 삭제하고 있습니다.
  "C:\Info\Project\DataMeasurement\WPF_Example\obj\x64\Debug\vi-VN\DatumMeasurement.resources.dll" 파일을 삭제하고 있습니다.
  "C:\Info\Project\DataMeasurement\WPF_Example\obj\x64\Debug\ko-KR\DatumMeasurement.resources.dll" 파일을 삭제하고 있습니다.
  "C:\Info\Project\DataMeasurement\WPF_Example\obj\x64\Debug\DatumMeasurement.exe" 파일을 삭제하고 있습니다.
  "C:\Info\Project\DataMeasurement\WPF_Example\obj\x64\Debug\DatumMeasurement.pdb" 파일을 삭제하고 있습니다.
  "C:\Info\Project\DataMeasurement\WPF_Example\obj\x64\Debug\DatumMeasurement.csproj.AssemblyReference.cache" 파일을 삭제하고 있습니다.
  "C:\Info\Project\DataMeasurement\WPF_Example\obj\x64\Debug\DatumMea.9CF07E59.Up2Date" 파일을 삭제하고 있습니다.
"C:\Info\Project\DataMeasurement\WPF_Example\DatumMeasurement.csproj"(1) 프로젝트가 1 노드에서 "C:\Info\Project\DataMeasurement\WPF_Example\DatumMeasurement_uauqmfx0_wpftmp.csproj"(2)을(를) 빌드하고 있습니다(_CompileTemporaryAssembly 대상).
C:\Program Files\Microsoft Visual Studio\2022\Community\MSBuild\Current\Bin\Microsoft.CSharp.CurrentVersion.targets(130,9): warning MSB3884: 규칙 집합 파일 "MinimumRecommendedRules.ruleset"을(를) 찾을 수 없습니다. [C:\Info\Project\DataMeasurement\WPF_Example\DatumMeasurement_uauqmfx0_wpftmp.csproj]
CoreCompile:
  C:\Program Files\Microsoft Visual Studio\2022\Community\MSBuild\Current\Bin\Roslyn\csc.exe /noconfig /unsafe+ /nowarn:1701,1702 /fullpaths /nostdlib+ /platform:x64 /errorreport:prompt /warn:4 /define:TRACE;DEBUG;SIMUL_MODE /highentropyva+ /reference:C:\Info\Project\DataMeasurement\WPF_Example\bin\x64\Debug\Basler.Pylon.dll /reference:C:\Info\Project\DataMeasurement\packages\ChartDirector.Net.Desktop.Controls.7.1.0\lib\net40\ChartDirector.Net.Desktop.Controls.dll /reference:"C:\Program Files\MVTec\HALCON-24.11-Progress-Steady\bin\dotnet35\halcondotnet.dll" /reference:C:\Info\Project\DataMeasurement\WPF_Example\bin\x64\Debug\dll\x64\ImageGlass.ImageBox.dll /reference:C:\Info\Project\DataMeasurement\packages\MathNet.Numerics.5.0.0\lib\net48\MathNet.Numerics.dll /reference:"C:\Program Files (x86)\Reference Assemblies\Microsoft\Framework\.NETFramework\v4.8\mscorlib.dll" /reference:C:\Info\Project\DataMeasurement\WPF_Example\bin\x64\Debug\MvCamCtrl.Net.dll /reference:C:\Info\Project\DataMeasurement\packages\ChartDirector.Net.7.1.0\lib\net40\netchartdir.dll /reference:C:\Info\Project\DataMeasurement\packages\Newtonsoft.Json.13.0.3\lib\net45\Newtonsoft.Json.dll /reference:C:\Info\Project\DataMeasurement\packages\Ookii.Dialogs.Wpf.5.0.1\lib\net462\Ookii.Dialogs.Wpf.dll /reference:C:\Info\Project\DataMeasurement\packages\OpenCvSharp4.4.8.0.20230708\lib\net48\OpenCvSharp.dll /reference:C:\Info\Project\DataMeasurement\packages\OpenCvSharp4.Extensions.4.8.0.20230708\lib\net48\OpenCvSharp.Extensions.dll /reference:C:\Info\Project\DataMeasurement\packages\OpenCvSharp4.WpfExtensions.4.8.0.20230708\lib\net48\OpenCvSharp.WpfExtensions.dll /reference:"C:\Program Files (x86)\Reference Assemblies\Microsoft\Framework\.NETFramework\v4.8\PresentationCore.dll" /reference:"C:\Program Files (x86)\Reference Assemblies\Microsoft\Framework\.NETFramework\v4.8\PresentationFramework.dll" /reference:C:\Info\Project\DataMeasurement\WPF_Example\bin\x64\Debug\PropertyTools.dll /reference:C:\Info\Project\DataMeasurement\WPF_Example\bin\x64\Debug\PropertyTools.Wpf.dll /reference:C:\Info\Project\DataMeasurement\packages\System.Buffers.4.5.1\lib\net461\System.Buffers.dll /reference:"C:\Program Files (x86)\Reference Assemblies\Microsoft\Framework\.NETFramework\v4.8\System.ComponentModel.DataAnnotations.dll" /reference:"C:\Program Files (x86)\Reference Assemblies\Microsoft\Framework\.NETFramework\v4.8\System.Core.dll" /reference:"C:\Program Files (x86)\Reference Assemblies\Microsoft\Framework\.NETFramework\v4.8\System.Data.DataSetExtensions.dll" /reference:"C:\Program Files (x86)\Reference Assemblies\Microsoft\Framework\.NETFramework\v4.8\System.Data.dll" /reference:"C:\Program Files (x86)\Reference Assemblies\Microsoft\Framework\.NETFramework\v4.8\System.Design.dll" /reference:"C:\Program Files (x86)\Reference Assemblies\Microsoft\Framework\.NETFramework\v4.8\System.dll" /reference:C:\Info\Project\DataMeasurement\packages\System.Drawing.Common.7.0.0\lib\net462\System.Drawing.Common.dll /reference:"C:\Program Files (x86)\Reference Assemblies\Microsoft\Framework\.NETFramework\v4.8\System.Drawing.dll" /reference:"C:\Program Files (x86)\Reference Assemblies\Microsoft\Framework\.NETFramework\v4.8\System.Management.dll" /reference:C:\Info\Project\DataMeasurement\packages\System.Memory.4.5.5\lib\net461\System.Memory.dll /reference:"C:\Program Files (x86)\Reference Assemblies\Microsoft\Framework\.NETFramework\v4.8\System.Net.Http.dll" /reference:"C:\Program Files (x86)\Reference Assemblies\Microsoft\Framework\.NETFramework\v4.8\System.Numerics.dll" /reference:C:\Info\Project\DataMeasurement\packages\System.Numerics.Vectors.4.5.0\lib\net46\System.Numerics.Vectors.dll /reference:C:\Info\Project\DataMeasurement\packages\System.Runtime.CompilerServices.Unsafe.6.0.0\lib\net461\System.Runtime.CompilerServices.Unsafe.dll /reference:"C:\Program Files (x86)\Reference Assemblies\Microsoft\Framework\.NETFramework\v4.8\System.Runtime.Serialization.dll" /reference:"C:\Program Files (x86)\Reference Assemblies\Microsoft\Framework\.NETFramework\v4.8\System.Security.dll" /reference:C:\Info\Project\DataMeasurement\packages\System.ValueTuple.4.5.0\lib\net47\System.ValueTuple.dll /reference:"C:\Program Files (x86)\Reference Assemblies\Microsoft\Framework\.NETFramework\v4.8\System.Web.dll" /reference:"C:\Program Files (x86)\Reference Assemblies\Microsoft\Framework\.NETFramework\v4.8\System.Windows.Controls.Ribbon.dll" /reference:"C:\Program Files (x86)\Reference Assemblies\Microsoft\Framework\.NETFramework\v4.8\System.Windows.Forms.dll" /reference:"C:\Program Files (x86)\Reference Assemblies\Microsoft\Framework\.NETFramework\v4.8\System.Xaml.dll" /reference:"C:\Program Files (x86)\Reference Assemblies\Microsoft\Framework\.NETFramework\v4.8\System.Xml.dll" /reference:"C:\Program Files (x86)\Reference Assemblies\Microsoft\Framework\.NETFramework\v4.8\System.Xml.Linq.dll" /reference:"C:\Program Files (x86)\Reference Assemblies\Microsoft\Framework\.NETFramework\v4.8\UIAutomationProvider.dll" /reference:"C:\Program Files (x86)\Reference Assemblies\Microsoft\Framework\.NETFramework\v4.8\WindowsBase.dll" /reference:"C:\Program Files (x86)\Reference Assemblies\Microsoft\Framework\.NETFramework\v4.8\WindowsFormsIntegration.dll" /reference:C:\Info\Project\DataMeasurement\WPF_Example\bin\x64\Debug\WPF.MDI.dll /reference:C:\Info\Project\DataMeasurement\packages\ZXing.Net.0.16.9\lib\net48\zxing.dll /reference:C:\Info\Project\DataMeasurement\packages\ZXing.Net.0.16.9\lib\net48\zxing.presentation.dll /debug+ /debug:full /filealign:512 /optimize- /out:obj\x64\Debug\DatumMeasurement.exe /subsystemversion:6.00 /target:winexe /utf8output /win32icon:Camera_DDA.ico /deterministic+ /langversion:7.3 Custom\ErrorCode\ErrorCode.cs Custom\UI\MainWindow.cs Device\Camera\Hik\HikCamera.cs Device\Camera\Hik\HikCameraProperty.cs Device\LightController\JPFLightController.cs Login\LoginManager.cs Custom\Sequence\Bottom\Action_BottomInspection.cs Custom\Define\ID.cs Custom\Device\DeviceHandler.cs Custom\Device\LightHandler.cs Custom\Sequence\Top\Action_TopInspection.cs Custom\Sequence\Bottom\Sequence_Bottom.cs Custom\Sequence\Top\Sequence_Top.cs Custom\TcpServer\ResourceMap.cs Custom\SystemHandler.cs Custom\Sequence\SequenceHandler.cs Custom\Sequence\Inspection\DatumConfig.cs Custom\Sequence\Inspection\FAIConfig.cs Custom\Sequence\Inspection\ShotConfig.cs Custom\Sequence\Inspection\InspectionRecipeManager.cs Custom\Sequence\Inspection\Action_FAIMeasurement.cs Custom\Sequence\Inspection\InspectionSequence.cs Custom\Sequence\Inspection\InspectionMasterParam.cs Custom\Sequence\Inspection\MeasurementBase.cs Custom\Sequence\Inspection\MeasurementFactory.cs Custom\Sequence\Inspection\Measurements\EdgePairDistanceMeasurement.cs Custom\Sequence\Inspection\Measurements\PointToLineDistanceMeasurement.cs Custom\Sequence\Inspection\Measurements\PointToPointDistanceMeasurement.cs Custom\Sequence\Inspection\Measurements\LineToLineAngleMeasurement.cs Custom\Sequence\Inspection\Measurements\CircleDiameterMeasurement.cs Custom\Sequence\Inspection\Measurements\LineToLineDistanceMeasurement.cs Custom\SystemSetting.cs Custom\UserData\GlobalUserData.cs Device\Camera\Basler\BaslerCamera.cs Device\Camera\Basler\BaslerCameraProperty.cs Device\Camera\VirtualCameraProperty.cs Device\Camera\VirtualCamera.cs Device\DeviceHandler.cs Device\IAxisController.cs Device\DisplayConfig.cs Device\LightController\LightGroup.cs Device\LightController\PamtekLightController.cs Device\LightController\VirtualLightController.cs Device\LightController\LightHandler.cs Properties\DynamicResource.cs Sequence\Param\CameraMasterParam.cs Sequence\Param\CameraSlaveParam.cs Sequence\SequenceBuilder.cs TcpServer\ResourceMap.cs TcpServer\VisionServer.cs UI\ContentItem\IMainView.cs UI\ContentItem\RuntimeResizer\DrawableCircle.cs UI\ContentItem\RuntimeResizer\DrawableItem.cs UI\ContentItem\RuntimeResizer\DrawableLine.cs UI\ContentItem\RuntimeResizer\RuntimeResizer.cs UI\ContentItem\RuntimeResizer\DrawableRectangle.cs UI\ContentItem\LogView.xaml.cs UI\ControlItem\CalibrationView.xaml.cs UI\ControlItem\ModelFinderView.xaml.cs UI\ControlItem\InspectionListViewModel.cs Sequence\Sequence\SequenceBase.cs Sequence\Sequence\SequenceContext.cs SystemHandler.cs Sequence\Action\ActionBase.cs Sequence\Param\CameraParam.cs Sequence\Param\ParamBase.cs UI\Device\CanvasViewer.cs UI\Dialog\TextInputBox.cs UI\Dialog\TextInputBoxWindow.xaml.cs UI\Login\AccountManagerWindow.xaml.cs UI\Login\AccountManagerViewModel.cs UI\Log\LogViewChildWindow.cs UI\Log\LogViewWindow.xaml.cs UI\TcpServer\TcpServerWindow.xaml.cs UI\ViewModel\CalibrationViewModel.cs UI\ViewModel\ModelFinderViewModel.cs Utility\RecipeFileHelper.cs Utility\RawImageSaveService.cs Sequence\SequenceHandler.cs UI\ControlItem\Node.cs UI\ControlItem\NodeViewModel.cs UI\Device\DeviceSelector.xaml.cs UI\Device\DeviceSelectorModelView.cs UI\Light\LightChannelView.xaml.cs UI\Light\LightControllerView.xaml.cs UI\Light\LightHandlerWindow.xaml.cs UI\Light\LightHandlerWindowModel.cs UI\Light\LightGroupView.xaml.cs UI\Login\LoginWindow.xaml.cs UI\Dialog\CustomMessageBox.cs UI\Dialog\MessageBoxWindow.xaml.cs UI\ProcessMonitor\ProcessMonitorWindow.xaml.cs UI\Recipe\OpenRecipeWindow.xaml.cs UI\Recipe\RecipeListViewModel.cs UI\Setting\SettingWindow.xaml.cs UI\StatusBarModel.cs UI\ViewModel\Observable.cs UI\ViewModel\ShotNodeViewModel.cs UI\ViewModel\FAINodeViewModel.cs UI\ViewModel\MeasurementResultRow.cs UI\ViewModel\InspectionViewModel.cs UI\Theme\OutlinedTextBlock.cs UI\ViewModel\Attributes.cs Utility\Ini.cs Utility\Logging.cs Setting\SystemSetting.cs TcpServer\VisionRequestPacket.cs TcpServer\VisionResponsePacket.cs TcpServer\TcpServer.cs UI\ContentItem\MainView.xaml.cs UI\ContentItem\MainResultViewerControl.xaml.cs UI\ControlItem\InspectionListView.xaml.cs UI\MenuBar.xaml.cs UI\StatusBar.xaml.cs App.xaml.cs MainWindow.xaml.cs Halcon\Algorithms\DatumFindingService.cs Halcon\Algorithms\FAIEdgeMeasurementService.cs Halcon\Algorithms\VisionAlgorithmService.cs Halcon\Algorithms\MeasurementAlgorithm.cs Halcon\Algorithms\RoiLineIntersectionAlgorithm.cs Halcon\Display\HalconDisplayService.cs Halcon\HalconImageBridge.cs Halcon\Models\EdgeInspectionOverlay.cs Halcon\Models\FAIEdgeMeasurementResult.cs Halcon\Models\JobPosition.cs Halcon\Models\RoiDefinition.cs Halcon\Models\RoiLineInspectionResult.cs Halcon\Models\TeachingJob.cs Halcon\Services\TeachingStorageService.cs UI\Dialog\TeachingWindow.xaml.cs UI\ContentItem\HalconViewerControl.xaml.cs Properties\AssemblyInfo.cs Properties\Resources.Designer.cs Properties\Settings.Designer.cs C:\Info\Project\DataMeasurement\WPF_Example\obj\x64\Debug\MainWindow.g.cs C:\Info\Project\DataMeasurement\WPF_Example\obj\x64\Debug\UI\ContentItem\LogView.g.cs C:\Info\Project\DataMeasurement\WPF_Example\obj\x64\Debug\UI\ContentItem\MainView.g.cs C:\Info\Project\DataMeasurement\WPF_Example\obj\x64\Debug\UI\ContentItem\MainResultViewerControl.g.cs C:\Info\Project\DataMeasurement\WPF_Example\obj\x64\Debug\UI\ControlItem\CalibrationView.g.cs C:\Info\Project\DataMeasurement\WPF_Example\obj\x64\Debug\UI\ControlItem\ModelFinderView.g.cs C:\Info\Project\DataMeasurement\WPF_Example\obj\x64\Debug\UI\ControlItem\InspectionListView.g.cs C:\Info\Project\DataMeasurement\WPF_Example\obj\x64\Debug\UI\Device\DeviceSelector.g.cs C:\Info\Project\DataMeasurement\WPF_Example\obj\x64\Debug\UI\Light\LightChannelView.g.cs C:\Info\Project\DataMeasurement\WPF_Example\obj\x64\Debug\UI\Light\LightControllerView.g.cs C:\Info\Project\DataMeasurement\WPF_Example\obj\x64\Debug\UI\Light\LightHandlerWindow.g.cs C:\Info\Project\DataMeasurement\WPF_Example\obj\x64\Debug\UI\Light\LightGroupView.g.cs C:\Info\Project\DataMeasurement\WPF_Example\obj\x64\Debug\UI\Login\AccountManagerWindow.g.cs C:\Info\Project\DataMeasurement\WPF_Example\obj\x64\Debug\UI\Login\LoginWindow.g.cs C:\Info\Project\DataMeasurement\WPF_Example\obj\x64\Debug\UI\Dialog\MessageBoxWindow.g.cs C:\Info\Project\DataMeasurement\WPF_Example\obj\x64\Debug\UI\Log\LogViewWindow.g.cs C:\Info\Project\DataMeasurement\WPF_Example\obj\x64\Debug\UI\ProcessMonitor\ProcessMonitorWindow.g.cs C:\Info\Project\DataMeasurement\WPF_Example\obj\x64\Debug\UI\Recipe\OpenRecipeWindow.g.cs C:\Info\Project\DataMeasurement\WPF_Example\obj\x64\Debug\UI\Dialog\TextInputBoxWindow.g.cs C:\Info\Project\DataMeasurement\WPF_Example\obj\x64\Debug\UI\Setting\SettingWindow.g.cs C:\Info\Project\DataMeasurement\WPF_Example\obj\x64\Debug\UI\MenuBar.g.cs C:\Info\Project\DataMeasurement\WPF_Example\obj\x64\Debug\UI\StatusBar.g.cs C:\Info\Project\DataMeasurement\WPF_Example\obj\x64\Debug\UI\TcpServer\TcpServerWindow.g.cs C:\Info\Project\DataMeasurement\WPF_Example\obj\x64\Debug\UI\Dialog\TeachingWindow.g.cs C:\Info\Project\DataMeasurement\WPF_Example\obj\x64\Debug\UI\ContentItem\HalconViewerControl.g.cs C:\Info\Project\DataMeasurement\WPF_Example\obj\x64\Debug\App.g.cs C:\Info\Project\DataMeasurement\WPF_Example\obj\x64\Debug\DatumMeasurement_Content.g.cs C:\Info\Project\DataMeasurement\WPF_Example\obj\x64\Debug\GeneratedInternalTypeHelper.g.cs
C:\Info\Project\DataMeasurement\WPF_Example\Device\Camera\VirtualCamera.cs(266,13): warning CS0162: 접근할 수 없는 코드가 있습니다. [C:\Info\Project\DataMeasurement\WPF_Example\DatumMeasurement_uauqmfx0_wpftmp.csproj]
C:\Info\Project\DataMeasurement\WPF_Example\Halcon\Algorithms\VisionAlgorithmService.cs(64,22): warning CS0219: 'scanHorizontal' 할당되었지만 사용되지 않았습니다. [C:\Info\Project\DataMeasurement\WPF_Example\DatumMeasurement_uauqmfx0_wpftmp.csproj]
  CompilerServer: server - server processed compilation - DatumMeasurement_uauqmfx0_wpftmp
"C:\Info\Project\DataMeasurement\WPF_Example\DatumMeasurement_uauqmfx0_wpftmp.csproj" 프로젝트를 빌드했습니다(_CompileTemporaryAssembly 대상).
MarkupCompilePass2:
  MarkupCompilePass2에서 BAML 또는 소스 코드 파일을 생성했습니다.
CleanupTemporaryTargetAssembly:
  "obj\x64\Debug\DatumMeasurement.exe" 파일을 삭제하고 있습니다.
CoreResGen:
  원하는 위치가 'C:\Program Files\Microsoft Visual Studio\2022\Community\MSBuild\Current\Bin\Microsoft.Build.Tasks.Core.dll'인 동안 'C:\Program Files\Microsoft Visual Studio\2022\Community\MSBuild\Current\Bin\Microsoft.Build.dll'에서 작업 어셈블리를 로드했습니다.
  "C:\Program Files (x86)\Microsoft SDKs\Windows\v10.0A\bin\NETFX 4.8 Tools\resgen.exe" /useSourcePath /r:C:\Info\Project\DataMeasurement\WPF_Example\bin\x64\Debug\Basler.Pylon.dll /r:C:\Info\Project\DataMeasurement\packages\ChartDirector.Net.Desktop.Controls.7.1.0\lib\net40\ChartDirector.Net.Desktop.Controls.dll /r:"C:\Program Files\MVTec\HALCON-24.11-Progress-Steady\bin\dotnet35\halcondotnet.dll" /r:C:\Info\Project\DataMeasurement\WPF_Example\bin\x64\Debug\dll\x64\ImageGlass.ImageBox.dll /r:C:\Info\Project\DataMeasurement\packages\MathNet.Numerics.5.0.0\lib\net48\MathNet.Numerics.dll /r:"C:\Program Files (x86)\Reference Assemblies\Microsoft\Framework\.NETFramework\v4.8\mscorlib.dll" /r:C:\Info\Project\DataMeasurement\WPF_Example\bin\x64\Debug\MvCamCtrl.Net.dll /r:C:\Info\Project\DataMeasurement\packages\ChartDirector.Net.7.1.0\lib\net40\netchartdir.dll /r:C:\Info\Project\DataMeasurement\packages\Newtonsoft.Json.13.0.3\lib\net45\Newtonsoft.Json.dll /r:C:\Info\Project\DataMeasurement\packages\Ookii.Dialogs.Wpf.5.0.1\lib\net462\Ookii.Dialogs.Wpf.dll /r:C:\Info\Project\DataMeasurement\packages\OpenCvSharp4.4.8.0.20230708\lib\net48\OpenCvSharp.dll /r:C:\Info\Project\DataMeasurement\packages\OpenCvSharp4.Extensions.4.8.0.20230708\lib\net48\OpenCvSharp.Extensions.dll /r:C:\Info\Project\DataMeasurement\packages\OpenCvSharp4.WpfExtensions.4.8.0.20230708\lib\net48\OpenCvSharp.WpfExtensions.dll /r:"C:\Program Files (x86)\Reference Assemblies\Microsoft\Framework\.NETFramework\v4.8\PresentationCore.dll" /r:"C:\Program Files (x86)\Reference Assemblies\Microsoft\Framework\.NETFramework\v4.8\PresentationFramework.dll" /r:C:\Info\Project\DataMeasurement\WPF_Example\bin\x64\Debug\PropertyTools.dll /r:C:\Info\Project\DataMeasurement\WPF_Example\bin\x64\Debug\PropertyTools.Wpf.dll /r:C:\Info\Project\DataMeasurement\packages\System.Buffers.4.5.1\lib\net461\System.Buffers.dll /r:"C:\Program Files (x86)\Reference Assemblies\Microsoft\Framework\.NETFramework\v4.8\System.ComponentModel.DataAnnotations.dll" /r:"C:\Program Files (x86)\Reference Assemblies\Microsoft\Framework\.NETFramework\v4.8\System.Core.dll" /r:"C:\Program Files (x86)\Reference Assemblies\Microsoft\Framework\.NETFramework\v4.8\System.Data.DataSetExtensions.dll" /r:"C:\Program Files (x86)\Reference Assemblies\Microsoft\Framework\.NETFramework\v4.8\System.Data.dll" /r:"C:\Program Files (x86)\Reference Assemblies\Microsoft\Framework\.NETFramework\v4.8\System.Design.dll" /r:"C:\Program Files (x86)\Reference Assemblies\Microsoft\Framework\.NETFramework\v4.8\System.dll" /r:C:\Info\Project\DataMeasurement\packages\System.Drawing.Common.7.0.0\lib\net462\System.Drawing.Common.dll /r:"C:\Program Files (x86)\Reference Assemblies\Microsoft\Framework\.NETFramework\v4.8\System.Drawing.dll" /r:"C:\Program Files (x86)\Reference Assemblies\Microsoft\Framework\.NETFramework\v4.8\System.Management.dll" /r:C:\Info\Project\DataMeasurement\packages\System.Memory.4.5.5\lib\net461\System.Memory.dll /r:"C:\Program Files (x86)\Reference Assemblies\Microsoft\Framework\.NETFramework\v4.8\System.Net.Http.dll" /r:"C:\Program Files (x86)\Reference Assemblies\Microsoft\Framework\.NETFramework\v4.8\System.Numerics.dll" /r:C:\Info\Project\DataMeasurement\packages\System.Numerics.Vectors.4.5.0\lib\net46\System.Numerics.Vectors.dll /r:C:\Info\Project\DataMeasurement\packages\System.Runtime.CompilerServices.Unsafe.6.0.0\lib\net461\System.Runtime.CompilerServices.Unsafe.dll /r:"C:\Program Files (x86)\Reference Assemblies\Microsoft\Framework\.NETFramework\v4.8\System.Runtime.Serialization.dll" /r:"C:\Program Files (x86)\Reference Assemblies\Microsoft\Framework\.NETFramework\v4.8\System.Security.dll" /r:C:\Info\Project\DataMeasurement\packages\System.ValueTuple.4.5.0\lib\net47\System.ValueTuple.dll /r:"C:\Program Files (x86)\Reference Assemblies\Microsoft\Framework\.NETFramework\v4.8\System.Web.dll" /r:"C:\Program Files (x86)\Reference Assemblies\Microsoft\Framework\.NETFramework\v4.8\System.Windows.Controls.Ribbon.dll" /r:"C:\Program Files (x86)\Reference Assemblies\Microsoft\Framework\.NETFramework\v4.8\System.Windows.Forms.dll" /r:"C:\Program Files (x86)\Reference Assemblies\Microsoft\Framework\.NETFramework\v4.8\System.Xaml.dll" /r:"C:\Program Files (x86)\Reference Assemblies\Microsoft\Framework\.NETFramework\v4.8\System.Xml.dll" /r:"C:\Program Files (x86)\Reference Assemblies\Microsoft\Framework\.NETFramework\v4.8\System.Xml.Linq.dll" /r:"C:\Program Files (x86)\Reference Assemblies\Microsoft\Framework\.NETFramework\v4.8\UIAutomationProvider.dll" /r:"C:\Program Files (x86)\Reference Assemblies\Microsoft\Framework\.NETFramework\v4.8\WindowsBase.dll" /r:"C:\Program Files (x86)\Reference Assemblies\Microsoft\Framework\.NETFramework\v4.8\WindowsFormsIntegration.dll" /r:C:\Info\Project\DataMeasurement\WPF_Example\bin\x64\Debug\WPF.MDI.dll /r:C:\Info\Project\DataMeasurement\packages\ZXing.Net.0.16.9\lib\net48\zxing.dll /r:C:\Info\Project\DataMeasurement\packages\ZXing.Net.0.16.9\lib\net48\zxing.presentation.dll /compile Properties\Resources.resx,obj\x64\Debug\ReringProject.Properties.Resources.resources Properties\Resources.en-US.resx,obj\x64\Debug\ReringProject.Properties.Resources.en-US.resources Properties\Resources.vi-VN.resx,obj\x64\Debug\ReringProject.Properties.Resources.vi-VN.resources Properties\Resources.ko-KR.resx,obj\x64\Debug\ReringProject.Properties.Resources.ko-KR.resources
  리소스 파일 "Properties\Resources.resx"을(를) "obj\x64\Debug\ReringProject.Properties.Resources.resources"(으)로 처리하고 있습니다.
  리소스 파일 "Properties\Resources.en-US.resx"을(를) "obj\x64\Debug\ReringProject.Properties.Resources.en-US.resources"(으)로 처리하고 있습니다.
  리소스 파일 "Properties\Resources.vi-VN.resx"을(를) "obj\x64\Debug\ReringProject.Properties.Resources.vi-VN.resources"(으)로 처리하고 있습니다.
  리소스 파일 "Properties\Resources.ko-KR.resx"을(를) "obj\x64\Debug\ReringProject.Properties.Resources.ko-KR.resources"(으)로 처리하고 있습니다.
GenerateTargetFrameworkMonikerAttribute:
해당 입력 파일과 비교하여 출력 파일이 모두 최신 파일이므로 "GenerateTargetFrameworkMonikerAttribute" 대상을 건너뜁니다.
C:\Program Files\Microsoft Visual Studio\2022\Community\MSBuild\Current\Bin\Microsoft.CSharp.CurrentVersion.targets(130,9): warning MSB3884: 규칙 집합 파일 "MinimumRecommendedRules.ruleset"을(를) 찾을 수 없습니다. [C:\Info\Project\DataMeasurement\WPF_Example\DatumMeasurement.csproj]
CoreCompile:
  C:\Program Files\Microsoft Visual Studio\2022\Community\MSBuild\Current\Bin\Roslyn\csc.exe /noconfig /unsafe+ /nowarn:1701,1702 /fullpaths /nostdlib+ /platform:x64 /errorreport:prompt /warn:4 /define:TRACE;DEBUG;SIMUL_MODE /highentropyva+ /reference:C:\Info\Project\DataMeasurement\WPF_Example\bin\x64\Debug\Basler.Pylon.dll /reference:C:\Info\Project\DataMeasurement\packages\ChartDirector.Net.Desktop.Controls.7.1.0\lib\net40\ChartDirector.Net.Desktop.Controls.dll /reference:"C:\Program Files\MVTec\HALCON-24.11-Progress-Steady\bin\dotnet35\halcondotnet.dll" /reference:C:\Info\Project\DataMeasurement\WPF_Example\bin\x64\Debug\dll\x64\ImageGlass.ImageBox.dll /reference:C:\Info\Project\DataMeasurement\packages\MathNet.Numerics.5.0.0\lib\net48\MathNet.Numerics.dll /reference:"C:\Program Files (x86)\Reference Assemblies\Microsoft\Framework\.NETFramework\v4.8\mscorlib.dll" /reference:C:\Info\Project\DataMeasurement\WPF_Example\bin\x64\Debug\MvCamCtrl.Net.dll /reference:C:\Info\Project\DataMeasurement\packages\ChartDirector.Net.7.1.0\lib\net40\netchartdir.dll /reference:C:\Info\Project\DataMeasurement\packages\Newtonsoft.Json.13.0.3\lib\net45\Newtonsoft.Json.dll /reference:C:\Info\Project\DataMeasurement\packages\Ookii.Dialogs.Wpf.5.0.1\lib\net462\Ookii.Dialogs.Wpf.dll /reference:C:\Info\Project\DataMeasurement\packages\OpenCvSharp4.4.8.0.20230708\lib\net48\OpenCvSharp.dll /reference:C:\Info\Project\DataMeasurement\packages\OpenCvSharp4.Extensions.4.8.0.20230708\lib\net48\OpenCvSharp.Extensions.dll /reference:C:\Info\Project\DataMeasurement\packages\OpenCvSharp4.WpfExtensions.4.8.0.20230708\lib\net48\OpenCvSharp.WpfExtensions.dll /reference:"C:\Program Files (x86)\Reference Assemblies\Microsoft\Framework\.NETFramework\v4.8\PresentationCore.dll" /reference:"C:\Program Files (x86)\Reference Assemblies\Microsoft\Framework\.NETFramework\v4.8\PresentationFramework.dll" /reference:C:\Info\Project\DataMeasurement\WPF_Example\bin\x64\Debug\PropertyTools.dll /reference:C:\Info\Project\DataMeasurement\WPF_Example\bin\x64\Debug\PropertyTools.Wpf.dll /reference:C:\Info\Project\DataMeasurement\packages\System.Buffers.4.5.1\lib\net461\System.Buffers.dll /reference:"C:\Program Files (x86)\Reference Assemblies\Microsoft\Framework\.NETFramework\v4.8\System.ComponentModel.DataAnnotations.dll" /reference:"C:\Program Files (x86)\Reference Assemblies\Microsoft\Framework\.NETFramework\v4.8\System.Core.dll" /reference:"C:\Program Files (x86)\Reference Assemblies\Microsoft\Framework\.NETFramework\v4.8\System.Data.DataSetExtensions.dll" /reference:"C:\Program Files (x86)\Reference Assemblies\Microsoft\Framework\.NETFramework\v4.8\System.Data.dll" /reference:"C:\Program Files (x86)\Reference Assemblies\Microsoft\Framework\.NETFramework\v4.8\System.Design.dll" /reference:"C:\Program Files (x86)\Reference Assemblies\Microsoft\Framework\.NETFramework\v4.8\System.dll" /reference:C:\Info\Project\DataMeasurement\packages\System.Drawing.Common.7.0.0\lib\net462\System.Drawing.Common.dll /reference:"C:\Program Files (x86)\Reference Assemblies\Microsoft\Framework\.NETFramework\v4.8\System.Drawing.dll" /reference:"C:\Program Files (x86)\Reference Assemblies\Microsoft\Framework\.NETFramework\v4.8\System.Management.dll" /reference:C:\Info\Project\DataMeasurement\packages\System.Memory.4.5.5\lib\net461\System.Memory.dll /reference:"C:\Program Files (x86)\Reference Assemblies\Microsoft\Framework\.NETFramework\v4.8\System.Net.Http.dll" /reference:"C:\Program Files (x86)\Reference Assemblies\Microsoft\Framework\.NETFramework\v4.8\System.Numerics.dll" /reference:C:\Info\Project\DataMeasurement\packages\System.Numerics.Vectors.4.5.0\lib\net46\System.Numerics.Vectors.dll /reference:C:\Info\Project\DataMeasurement\packages\System.Runtime.CompilerServices.Unsafe.6.0.0\lib\net461\System.Runtime.CompilerServices.Unsafe.dll /reference:"C:\Program Files (x86)\Reference Assemblies\Microsoft\Framework\.NETFramework\v4.8\System.Runtime.Serialization.dll" /reference:"C:\Program Files (x86)\Reference Assemblies\Microsoft\Framework\.NETFramework\v4.8\System.Security.dll" /reference:C:\Info\Project\DataMeasurement\packages\System.ValueTuple.4.5.0\lib\net47\System.ValueTuple.dll /reference:"C:\Program Files (x86)\Reference Assemblies\Microsoft\Framework\.NETFramework\v4.8\System.Web.dll" /reference:"C:\Program Files (x86)\Reference Assemblies\Microsoft\Framework\.NETFramework\v4.8\System.Windows.Controls.Ribbon.dll" /reference:"C:\Program Files (x86)\Reference Assemblies\Microsoft\Framework\.NETFramework\v4.8\System.Windows.Forms.dll" /reference:"C:\Program Files (x86)\Reference Assemblies\Microsoft\Framework\.NETFramework\v4.8\System.Xaml.dll" /reference:"C:\Program Files (x86)\Reference Assemblies\Microsoft\Framework\.NETFramework\v4.8\System.Xml.dll" /reference:"C:\Program Files (x86)\Reference Assemblies\Microsoft\Framework\.NETFramework\v4.8\System.Xml.Linq.dll" /reference:"C:\Program Files (x86)\Reference Assemblies\Microsoft\Framework\.NETFramework\v4.8\UIAutomationProvider.dll" /reference:"C:\Program Files (x86)\Reference Assemblies\Microsoft\Framework\.NETFramework\v4.8\WindowsBase.dll" /reference:"C:\Program Files (x86)\Reference Assemblies\Microsoft\Framework\.NETFramework\v4.8\WindowsFormsIntegration.dll" /reference:C:\Info\Project\DataMeasurement\WPF_Example\bin\x64\Debug\WPF.MDI.dll /reference:C:\Info\Project\DataMeasurement\packages\ZXing.Net.0.16.9\lib\net48\zxing.dll /reference:C:\Info\Project\DataMeasurement\packages\ZXing.Net.0.16.9\lib\net48\zxing.presentation.dll /debug+ /debug:full /filealign:512 /optimize- /out:obj\x64\Debug\DatumMeasurement.exe /subsystemversion:6.00 /resource:obj\x64\Debug\DatumMeasurement.g.resources /resource:obj\x64\Debug\ReringProject.Properties.Resources.resources /resource:Resource\main_icon.png,ReringProject.Resource.main_icon.png /target:winexe /utf8output /win32icon:Camera_DDA.ico /deterministic+ /langversion:7.3 Custom\ErrorCode\ErrorCode.cs Custom\UI\MainWindow.cs Device\Camera\Hik\HikCamera.cs Device\Camera\Hik\HikCameraProperty.cs Device\LightController\JPFLightController.cs Login\LoginManager.cs Custom\Sequence\Bottom\Action_BottomInspection.cs Custom\Define\ID.cs Custom\Device\DeviceHandler.cs Custom\Device\LightHandler.cs Custom\Sequence\Top\Action_TopInspection.cs Custom\Sequence\Bottom\Sequence_Bottom.cs Custom\Sequence\Top\Sequence_Top.cs Custom\TcpServer\ResourceMap.cs Custom\SystemHandler.cs Custom\Sequence\SequenceHandler.cs Custom\Sequence\Inspection\DatumConfig.cs Custom\Sequence\Inspection\FAIConfig.cs Custom\Sequence\Inspection\ShotConfig.cs Custom\Sequence\Inspection\InspectionRecipeManager.cs Custom\Sequence\Inspection\Action_FAIMeasurement.cs Custom\Sequence\Inspection\InspectionSequence.cs Custom\Sequence\Inspection\InspectionMasterParam.cs Custom\Sequence\Inspection\MeasurementBase.cs Custom\Sequence\Inspection\MeasurementFactory.cs Custom\Sequence\Inspection\Measurements\EdgePairDistanceMeasurement.cs Custom\Sequence\Inspection\Measurements\PointToLineDistanceMeasurement.cs Custom\Sequence\Inspection\Measurements\PointToPointDistanceMeasurement.cs Custom\Sequence\Inspection\Measurements\LineToLineAngleMeasurement.cs Custom\Sequence\Inspection\Measurements\CircleDiameterMeasurement.cs Custom\Sequence\Inspection\Measurements\LineToLineDistanceMeasurement.cs Custom\SystemSetting.cs Custom\UserData\GlobalUserData.cs Device\Camera\Basler\BaslerCamera.cs Device\Camera\Basler\BaslerCameraProperty.cs Device\Camera\VirtualCameraProperty.cs Device\Camera\VirtualCamera.cs Device\DeviceHandler.cs Device\IAxisController.cs Device\DisplayConfig.cs Device\LightController\LightGroup.cs Device\LightController\PamtekLightController.cs Device\LightController\VirtualLightController.cs Device\LightController\LightHandler.cs Properties\DynamicResource.cs Sequence\Param\CameraMasterParam.cs Sequence\Param\CameraSlaveParam.cs Sequence\SequenceBuilder.cs TcpServer\ResourceMap.cs TcpServer\VisionServer.cs UI\ContentItem\IMainView.cs UI\ContentItem\RuntimeResizer\DrawableCircle.cs UI\ContentItem\RuntimeResizer\DrawableItem.cs UI\ContentItem\RuntimeResizer\DrawableLine.cs UI\ContentItem\RuntimeResizer\RuntimeResizer.cs UI\ContentItem\RuntimeResizer\DrawableRectangle.cs UI\ContentItem\LogView.xaml.cs UI\ControlItem\CalibrationView.xaml.cs UI\ControlItem\ModelFinderView.xaml.cs UI\ControlItem\InspectionListViewModel.cs Sequence\Sequence\SequenceBase.cs Sequence\Sequence\SequenceContext.cs SystemHandler.cs Sequence\Action\ActionBase.cs Sequence\Param\CameraParam.cs Sequence\Param\ParamBase.cs UI\Device\CanvasViewer.cs UI\Dialog\TextInputBox.cs UI\Dialog\TextInputBoxWindow.xaml.cs UI\Login\AccountManagerWindow.xaml.cs UI\Login\AccountManagerViewModel.cs UI\Log\LogViewChildWindow.cs UI\Log\LogViewWindow.xaml.cs UI\TcpServer\TcpServerWindow.xaml.cs UI\ViewModel\CalibrationViewModel.cs UI\ViewModel\ModelFinderViewModel.cs Utility\RecipeFileHelper.cs Utility\RawImageSaveService.cs Sequence\SequenceHandler.cs UI\ControlItem\Node.cs UI\ControlItem\NodeViewModel.cs UI\Device\DeviceSelector.xaml.cs UI\Device\DeviceSelectorModelView.cs UI\Light\LightChannelView.xaml.cs UI\Light\LightControllerView.xaml.cs UI\Light\LightHandlerWindow.xaml.cs UI\Light\LightHandlerWindowModel.cs UI\Light\LightGroupView.xaml.cs UI\Login\LoginWindow.xaml.cs UI\Dialog\CustomMessageBox.cs UI\Dialog\MessageBoxWindow.xaml.cs UI\ProcessMonitor\ProcessMonitorWindow.xaml.cs UI\Recipe\OpenRecipeWindow.xaml.cs UI\Recipe\RecipeListViewModel.cs UI\Setting\SettingWindow.xaml.cs UI\StatusBarModel.cs UI\ViewModel\Observable.cs UI\ViewModel\ShotNodeViewModel.cs UI\ViewModel\FAINodeViewModel.cs UI\ViewModel\MeasurementResultRow.cs UI\ViewModel\InspectionViewModel.cs UI\Theme\OutlinedTextBlock.cs UI\ViewModel\Attributes.cs Utility\Ini.cs Utility\Logging.cs Setting\SystemSetting.cs TcpServer\VisionRequestPacket.cs TcpServer\VisionResponsePacket.cs TcpServer\TcpServer.cs UI\ContentItem\MainView.xaml.cs UI\ContentItem\MainResultViewerControl.xaml.cs UI\ControlItem\InspectionListView.xaml.cs UI\MenuBar.xaml.cs UI\StatusBar.xaml.cs App.xaml.cs MainWindow.xaml.cs Halcon\Algorithms\DatumFindingService.cs Halcon\Algorithms\FAIEdgeMeasurementService.cs Halcon\Algorithms\VisionAlgorithmService.cs Halcon\Algorithms\MeasurementAlgorithm.cs Halcon\Algorithms\RoiLineIntersectionAlgorithm.cs Halcon\Display\HalconDisplayService.cs Halcon\HalconImageBridge.cs Halcon\Models\EdgeInspectionOverlay.cs Halcon\Models\FAIEdgeMeasurementResult.cs Halcon\Models\JobPosition.cs Halcon\Models\RoiDefinition.cs Halcon\Models\RoiLineInspectionResult.cs Halcon\Models\TeachingJob.cs Halcon\Services\TeachingStorageService.cs UI\Dialog\TeachingWindow.xaml.cs UI\ContentItem\HalconViewerControl.xaml.cs Properties\AssemblyInfo.cs Properties\Resources.Designer.cs Properties\Settings.Designer.cs C:\Info\Project\DataMeasurement\WPF_Example\obj\x64\Debug\MainWindow.g.cs C:\Info\Project\DataMeasurement\WPF_Example\obj\x64\Debug\UI\ContentItem\LogView.g.cs C:\Info\Project\DataMeasurement\WPF_Example\obj\x64\Debug\UI\ContentItem\MainView.g.cs C:\Info\Project\DataMeasurement\WPF_Example\obj\x64\Debug\UI\ContentItem\MainResultViewerControl.g.cs C:\Info\Project\DataMeasurement\WPF_Example\obj\x64\Debug\UI\ControlItem\CalibrationView.g.cs C:\Info\Project\DataMeasurement\WPF_Example\obj\x64\Debug\UI\ControlItem\ModelFinderView.g.cs C:\Info\Project\DataMeasurement\WPF_Example\obj\x64\Debug\UI\ControlItem\InspectionListView.g.cs C:\Info\Project\DataMeasurement\WPF_Example\obj\x64\Debug\UI\Device\DeviceSelector.g.cs C:\Info\Project\DataMeasurement\WPF_Example\obj\x64\Debug\UI\Light\LightChannelView.g.cs C:\Info\Project\DataMeasurement\WPF_Example\obj\x64\Debug\UI\Light\LightControllerView.g.cs C:\Info\Project\DataMeasurement\WPF_Example\obj\x64\Debug\UI\Light\LightHandlerWindow.g.cs C:\Info\Project\DataMeasurement\WPF_Example\obj\x64\Debug\UI\Light\LightGroupView.g.cs C:\Info\Project\DataMeasurement\WPF_Example\obj\x64\Debug\UI\Login\AccountManagerWindow.g.cs C:\Info\Project\DataMeasurement\WPF_Example\obj\x64\Debug\UI\Login\LoginWindow.g.cs C:\Info\Project\DataMeasurement\WPF_Example\obj\x64\Debug\UI\Dialog\MessageBoxWindow.g.cs C:\Info\Project\DataMeasurement\WPF_Example\obj\x64\Debug\UI\Log\LogViewWindow.g.cs C:\Info\Project\DataMeasurement\WPF_Example\obj\x64\Debug\UI\ProcessMonitor\ProcessMonitorWindow.g.cs C:\Info\Project\DataMeasurement\WPF_Example\obj\x64\Debug\UI\Recipe\OpenRecipeWindow.g.cs C:\Info\Project\DataMeasurement\WPF_Example\obj\x64\Debug\UI\Dialog\TextInputBoxWindow.g.cs C:\Info\Project\DataMeasurement\WPF_Example\obj\x64\Debug\UI\Setting\SettingWindow.g.cs C:\Info\Project\DataMeasurement\WPF_Example\obj\x64\Debug\UI\MenuBar.g.cs C:\Info\Project\DataMeasurement\WPF_Example\obj\x64\Debug\UI\StatusBar.g.cs C:\Info\Project\DataMeasurement\WPF_Example\obj\x64\Debug\UI\TcpServer\TcpServerWindow.g.cs C:\Info\Project\DataMeasurement\WPF_Example\obj\x64\Debug\UI\Dialog\TeachingWindow.g.cs C:\Info\Project\DataMeasurement\WPF_Example\obj\x64\Debug\UI\ContentItem\HalconViewerControl.g.cs C:\Info\Project\DataMeasurement\WPF_Example\obj\x64\Debug\App.g.cs C:\Info\Project\DataMeasurement\WPF_Example\obj\x64\Debug\DatumMeasurement_Content.g.cs C:\Info\Project\DataMeasurement\WPF_Example\obj\x64\Debug\GeneratedInternalTypeHelper.g.cs "obj\x64\Debug\.NETFramework,Version=v4.8.AssemblyAttributes.cs"
C:\Info\Project\DataMeasurement\WPF_Example\Halcon\Algorithms\VisionAlgorithmService.cs(64,22): warning CS0219: 'scanHorizontal' 할당되었지만 사용되지 않았습니다. [C:\Info\Project\DataMeasurement\WPF_Example\DatumMeasurement.csproj]
C:\Info\Project\DataMeasurement\WPF_Example\Device\Camera\VirtualCamera.cs(266,13): warning CS0162: 접근할 수 없는 코드가 있습니다. [C:\Info\Project\DataMeasurement\WPF_Example\DatumMeasurement.csproj]
  CompilerServer: server - server processed compilation - DatumMeasurement
GenerateSatelliteAssemblies:
  C:\Program Files (x86)\Microsoft SDKs\Windows\v10.0A\bin\NETFX 4.8 Tools\x64\al.exe /culture:en-US /out:obj\x64\Debug\en-US\DatumMeasurement.resources.dll /platform:x64 /template:obj\x64\Debug\DatumMeasurement.exe /embed:obj\x64\Debug\ReringProject.Properties.Resources.en-US.resources
GenerateSatelliteAssemblies:
  C:\Program Files (x86)\Microsoft SDKs\Windows\v10.0A\bin\NETFX 4.8 Tools\x64\al.exe /culture:vi-VN /out:obj\x64\Debug\vi-VN\DatumMeasurement.resources.dll /platform:x64 /template:obj\x64\Debug\DatumMeasurement.exe /embed:obj\x64\Debug\ReringProject.Properties.Resources.vi-VN.resources
GenerateSatelliteAssemblies:
  C:\Program Files (x86)\Microsoft SDKs\Windows\v10.0A\bin\NETFX 4.8 Tools\x64\al.exe /culture:ko-KR /out:obj\x64\Debug\ko-KR\DatumMeasurement.resources.dll /platform:x64 /template:obj\x64\Debug\DatumMeasurement.exe /embed:obj\x64\Debug\ReringProject.Properties.Resources.ko-KR.resources
_CopyFilesMarkedCopyLocal:
  "C:\Info\Project\DataMeasurement\packages\ChartDirector.Net.Desktop.Controls.7.1.0\lib\net40\ChartDirector.Net.Desktop.Controls.dll"에서 "C:\Info\Project\DataMeasurement\WPF_Example\bin\x64\Debug\ChartDirector.Net.Desktop.Controls.dll"(으)로 파일을 복사하고 있습니다.
  "C:\Info\Project\DataMeasurement\packages\MathNet.Numerics.5.0.0\lib\net48\MathNet.Numerics.dll"에서 "C:\Info\Project\DataMeasurement\WPF_Example\bin\x64\Debug\MathNet.Numerics.dll"(으)로 파일을 복사하고 있습니다.
  "C:\Program Files\MVTec\HALCON-24.11-Progress-Steady\bin\dotnet35\halcondotnet.dll"에서 "C:\Info\Project\DataMeasurement\WPF_Example\bin\x64\Debug\halcondotnet.dll"(으)로 파일을 복사하고 있습니다.
  "C:\Info\Project\DataMeasurement\WPF_Example\bin\x64\Debug\dll\x64\ImageGlass.ImageBox.dll"에서 "C:\Info\Project\DataMeasurement\WPF_Example\bin\x64\Debug\ImageGlass.ImageBox.dll"(으)로 파일을 복사하고 있습니다.
  "C:\Info\Project\DataMeasurement\packages\Newtonsoft.Json.13.0.3\lib\net45\Newtonsoft.Json.dll"에서 "C:\Info\Project\DataMeasurement\WPF_Example\bin\x64\Debug\Newtonsoft.Json.dll"(으)로 파일을 복사하고 있습니다.
  "C:\Info\Project\DataMeasurement\packages\ChartDirector.Net.7.1.0\lib\net40\netchartdir.dll"에서 "C:\Info\Project\DataMeasurement\WPF_Example\bin\x64\Debug\netchartdir.dll"(으)로 파일을 복사하고 있습니다.
  "C:\Info\Project\DataMeasurement\packages\Ookii.Dialogs.Wpf.5.0.1\lib\net462\Ookii.Dialogs.Wpf.dll"에서 "C:\Info\Project\DataMeasurement\WPF_Example\bin\x64\Debug\Ookii.Dialogs.Wpf.dll"(으)로 파일을 복사하고 있습니다.
  "C:\Info\Project\DataMeasurement\packages\OpenCvSharp4.4.8.0.20230708\lib\net48\OpenCvSharp.dll"에서 "C:\Info\Project\DataMeasurement\WPF_Example\bin\x64\Debug\OpenCvSharp.dll"(으)로 파일을 복사하고 있습니다.
  "C:\Info\Project\DataMeasurement\packages\OpenCvSharp4.Extensions.4.8.0.20230708\lib\net48\OpenCvSharp.Extensions.dll"에서 "C:\Info\Project\DataMeasurement\WPF_Example\bin\x64\Debug\OpenCvSharp.Extensions.dll"(으)로 파일을 복사하고 있습니다.
  "C:\Info\Project\DataMeasurement\packages\OpenCvSharp4.WpfExtensions.4.8.0.20230708\lib\net48\OpenCvSharp.WpfExtensions.dll"에서 "C:\Info\Project\DataMeasurement\WPF_Example\bin\x64\Debug\OpenCvSharp.WpfExtensions.dll"(으)로 파일을 복사하고 있습니다.
  "C:\Info\Project\DataMeasurement\packages\System.Buffers.4.5.1\lib\net461\System.Buffers.dll"에서 "C:\Info\Project\DataMeasurement\WPF_Example\bin\x64\Debug\System.Buffers.dll"(으)로 파일을 복사하고 있습니다.
  "C:\Info\Project\DataMeasurement\packages\System.Drawing.Common.7.0.0\lib\net462\System.Drawing.Common.dll"에서 "C:\Info\Project\DataMeasurement\WPF_Example\bin\x64\Debug\System.Drawing.Common.dll"(으)로 파일을 복사하고 있습니다.
  "C:\Info\Project\DataMeasurement\packages\System.Memory.4.5.5\lib\net461\System.Memory.dll"에서 "C:\Info\Project\DataMeasurement\WPF_Example\bin\x64\Debug\System.Memory.dll"(으)로 파일을 복사하고 있습니다.
  "C:\Info\Project\DataMeasurement\packages\System.Numerics.Vectors.4.5.0\lib\net46\System.Numerics.Vectors.dll"에서 "C:\Info\Project\DataMeasurement\WPF_Example\bin\x64\Debug\System.Numerics.Vectors.dll"(으)로 파일을 복사하고 있습니다.
  "C:\Info\Project\DataMeasurement\packages\System.Runtime.CompilerServices.Unsafe.6.0.0\lib\net461\System.Runtime.CompilerServices.Unsafe.dll"에서 "C:\Info\Project\DataMeasurement\WPF_Example\bin\x64\Debug\System.Runtime.CompilerServices.Unsafe.dll"(으)로 파일을 복사하고 있습니다.
  "C:\Info\Project\DataMeasurement\packages\System.ValueTuple.4.5.0\lib\net47\System.ValueTuple.dll"에서 "C:\Info\Project\DataMeasurement\WPF_Example\bin\x64\Debug\System.ValueTuple.dll"(으)로 파일을 복사하고 있습니다.
  "C:\Info\Project\DataMeasurement\packages\ZXing.Net.0.16.9\lib\net48\zxing.dll"에서 "C:\Info\Project\DataMeasurement\WPF_Example\bin\x64\Debug\zxing.dll"(으)로 파일을 복사하고 있습니다.
  "C:\Info\Project\DataMeasurement\packages\ZXing.Net.0.16.9\lib\net48\zxing.presentation.dll"에서 "C:\Info\Project\DataMeasurement\WPF_Example\bin\x64\Debug\zxing.presentation.dll"(으)로 파일을 복사하고 있습니다.
  "C:\Info\Project\DataMeasurement\packages\MathNet.Numerics.5.0.0\lib\net48\MathNet.Numerics.xml"에서 "C:\Info\Project\DataMeasurement\WPF_Example\bin\x64\Debug\MathNet.Numerics.xml"(으)로 파일을 복사하고 있습니다.
  "C:\Info\Project\DataMeasurement\packages\ChartDirector.Net.7.1.0\lib\net40\netchartdir.xml"에서 "C:\Info\Project\DataMeasurement\WPF_Example\bin\x64\Debug\netchartdir.xml"(으)로 파일을 복사하고 있습니다.
  "C:\Info\Project\DataMeasurement\packages\Newtonsoft.Json.13.0.3\lib\net45\Newtonsoft.Json.xml"에서 "C:\Info\Project\DataMeasurement\WPF_Example\bin\x64\Debug\Newtonsoft.Json.xml"(으)로 파일을 복사하고 있습니다.
  "C:\Info\Project\DataMeasurement\packages\Ookii.Dialogs.Wpf.5.0.1\lib\net462\Ookii.Dialogs.Wpf.pdb"에서 "C:\Info\Project\DataMeasurement\WPF_Example\bin\x64\Debug\Ookii.Dialogs.Wpf.pdb"(으)로 파일을 복사하고 있습니다.
  "C:\Info\Project\DataMeasurement\packages\Ookii.Dialogs.Wpf.5.0.1\lib\net462\Ookii.Dialogs.Wpf.xml"에서 "C:\Info\Project\DataMeasurement\WPF_Example\bin\x64\Debug\Ookii.Dialogs.Wpf.xml"(으)로 파일을 복사하고 있습니다.
  "C:\Info\Project\DataMeasurement\packages\OpenCvSharp4.4.8.0.20230708\lib\net48\OpenCvSharp.xml"에서 "C:\Info\Project\DataMeasurement\WPF_Example\bin\x64\Debug\OpenCvSharp.xml"(으)로 파일을 복사하고 있습니다.
  "C:\Info\Project\DataMeasurement\packages\OpenCvSharp4.Extensions.4.8.0.20230708\lib\net48\OpenCvSharp.Extensions.xml"에서 "C:\Info\Project\DataMeasurement\WPF_Example\bin\x64\Debug\OpenCvSharp.Extensions.xml"(으)로 파일을 복사하고 있습니다.
  "C:\Info\Project\DataMeasurement\packages\OpenCvSharp4.WpfExtensions.4.8.0.20230708\lib\net48\OpenCvSharp.WpfExtensions.xml"에서 "C:\Info\Project\DataMeasurement\WPF_Example\bin\x64\Debug\OpenCvSharp.WpfExtensions.xml"(으)로 파일을 복사하고 있습니다.
  "C:\Info\Project\DataMeasurement\packages\System.Buffers.4.5.1\lib\net461\System.Buffers.xml"에서 "C:\Info\Project\DataMeasurement\WPF_Example\bin\x64\Debug\System.Buffers.xml"(으)로 파일을 복사하고 있습니다.
  "C:\Info\Project\DataMeasurement\packages\System.Drawing.Common.7.0.0\lib\net462\System.Drawing.Common.xml"에서 "C:\Info\Project\DataMeasurement\WPF_Example\bin\x64\Debug\System.Drawing.Common.xml"(으)로 파일을 복사하고 있습니다.
  "C:\Info\Project\DataMeasurement\packages\System.Numerics.Vectors.4.5.0\lib\net46\System.Numerics.Vectors.xml"에서 "C:\Info\Project\DataMeasurement\WPF_Example\bin\x64\Debug\System.Numerics.Vectors.xml"(으)로 파일을 복사하고 있습니다.
  "C:\Info\Project\DataMeasurement\packages\System.Memory.4.5.5\lib\net461\System.Memory.xml"에서 "C:\Info\Project\DataMeasurement\WPF_Example\bin\x64\Debug\System.Memory.xml"(으)로 파일을 복사하고 있습니다.
  "C:\Info\Project\DataMeasurement\packages\System.Runtime.CompilerServices.Unsafe.6.0.0\lib\net461\System.Runtime.CompilerServices.Unsafe.xml"에서 "C:\Info\Project\DataMeasurement\WPF_Example\bin\x64\Debug\System.Runtime.CompilerServices.Unsafe.xml"(으)로 파일을 복사하고 있습니다.
  "C:\Info\Project\DataMeasurement\packages\System.ValueTuple.4.5.0\lib\net47\System.ValueTuple.xml"에서 "C:\Info\Project\DataMeasurement\WPF_Example\bin\x64\Debug\System.ValueTuple.xml"(으)로 파일을 복사하고 있습니다.
  "C:\Info\Project\DataMeasurement\packages\ZXing.Net.0.16.9\lib\net48\zxing.presentation.xml"에서 "C:\Info\Project\DataMeasurement\WPF_Example\bin\x64\Debug\zxing.presentation.xml"(으)로 파일을 복사하고 있습니다.
  "C:\Info\Project\DataMeasurement\packages\ZXing.Net.0.16.9\lib\net48\zxing.xml"에서 "C:\Info\Project\DataMeasurement\WPF_Example\bin\x64\Debug\zxing.xml"(으)로 파일을 복사하고 있습니다.
  "C:\Program Files\MVTec\HALCON-24.11-Progress-Steady\bin\dotnet35\halcondotnet.xml"에서 "C:\Info\Project\DataMeasurement\WPF_Example\bin\x64\Debug\halcondotnet.xml"(으)로 파일을 복사하고 있습니다.
  "AlwaysCreate"이(가) 지정되었기 때문에 "C:\Info\Project\DataMeasurement\WPF_Example\obj\x64\Debug\DatumMea.9CF07E59.Up2Date"을(를) 만들고 있습니다.
  "C:\Info\Project\DataMeasurement\WPF_Example\obj\x64\Debug\DatumMea.9CF07E59.Up2Date"에 연결(touching)하고 있습니다.
_CopyOutOfDateSourceItemsToOutputDirectory:
  "C:\Info\Project\DataMeasurement\packages\OpenCvSharp4.runtime.win.4.8.0.20230708\runtimes\win-x86\native\opencv_videoio_ffmpeg480.dll"에서 "C:\Info\Project\DataMeasurement\WPF_Example\bin\x64\Debug\dll\x86\opencv_videoio_ffmpeg480.dll"(으)로 파일을 복사하고 있습니다.
  "C:\Info\Project\DataMeasurement\packages\OpenCvSharp4.runtime.win.4.8.0.20230708\runtimes\win-x64\native\OpenCvSharpExtern.dll"에서 "C:\Info\Project\DataMeasurement\WPF_Example\bin\x64\Debug\dll\x64\OpenCvSharpExtern.dll"(으)로 파일을 복사하고 있습니다.
  "C:\Info\Project\DataMeasurement\packages\OpenCvSharp4.runtime.win.4.8.0.20230708\runtimes\win-x86\native\OpenCvSharpExtern.dll"에서 "C:\Info\Project\DataMeasurement\WPF_Example\bin\x64\Debug\dll\x86\OpenCvSharpExtern.dll"(으)로 파일을 복사하고 있습니다.
  "C:\Info\Project\DataMeasurement\packages\OpenCvSharp4.runtime.win.4.8.0.20230708\runtimes\win-x64\native\opencv_videoio_ffmpeg480_64.dll"에서 "C:\Info\Project\DataMeasurement\WPF_Example\bin\x64\Debug\dll\x64\opencv_videoio_ffmpeg480_64.dll"(으)로 파일을 복사하고 있습니다.
_CopyOutOfDateSourceItemsToOutputDirectoryAlways:
  "C:\Info\Project\DataMeasurement\WPF_Example\Resource\main_icon.png"에서 "C:\Info\Project\DataMeasurement\WPF_Example\bin\x64\Debug\Resource\main_icon.png"(으)로 파일을 복사하고 있습니다.
_CopyAppConfigFile:
  "C:\Info\Project\DataMeasurement\WPF_Example\App.config"에서 "C:\Info\Project\DataMeasurement\WPF_Example\bin\x64\Debug\DatumMeasurement.exe.config"(으)로 파일을 복사하고 있습니다.
CopyFilesToOutputDirectory:
  "C:\Info\Project\DataMeasurement\WPF_Example\obj\x64\Debug\DatumMeasurement.exe"에서 "C:\Info\Project\DataMeasurement\WPF_Example\bin\x64\Debug\DatumMeasurement.exe"(으)로 파일을 복사하고 있습니다.
  DatumMeasurement -> C:\Info\Project\DataMeasurement\WPF_Example\bin\x64\Debug\DatumMeasurement.exe
  "C:\Info\Project\DataMeasurement\WPF_Example\obj\x64\Debug\DatumMeasurement.pdb"에서 "C:\Info\Project\DataMeasurement\WPF_Example\bin\x64\Debug\DatumMeasurement.pdb"(으)로 파일을 복사하고 있습니다.
  "C:\Info\Project\DataMeasurement\WPF_Example\obj\x64\Debug\en-US\DatumMeasurement.resources.dll"에서 "C:\Info\Project\DataMeasurement\WPF_Example\bin\x64\Debug\en-US\DatumMeasurement.resources.dll"(으)로 파일을 복사하고 있습니다.
  "C:\Info\Project\DataMeasurement\WPF_Example\obj\x64\Debug\vi-VN\DatumMeasurement.resources.dll"에서 "C:\Info\Project\DataMeasurement\WPF_Example\bin\x64\Debug\vi-VN\DatumMeasurement.resources.dll"(으)로 파일을 복사하고 있습니다.
  "C:\Info\Project\DataMeasurement\WPF_Example\obj\x64\Debug\ko-KR\DatumMeasurement.resources.dll"에서 "C:\Info\Project\DataMeasurement\WPF_Example\bin\x64\Debug\ko-KR\DatumMeasurement.resources.dll"(으)로 파일을 복사하고 있습니다.
"C:\Info\Project\DataMeasurement\WPF_Example\DatumMeasurement.csproj" 프로젝트를 빌드했습니다(Rebuild 대상).

빌드했습니다.

"C:\Info\Project\DataMeasurement\WPF_Example\DatumMeasurement.csproj"(Rebuild 대상)(1) ->
"C:\Info\Project\DataMeasurement\WPF_Example\DatumMeasurement_uauqmfx0_wpftmp.csproj"(_CompileTemporaryAssembly 대상)(2) ->
(ResolveCodeAnalysisRuleSet 대상) -> 
  C:\Program Files\Microsoft Visual Studio\2022\Community\MSBuild\Current\Bin\Microsoft.CSharp.CurrentVersion.targets(130,9): warning MSB3884: 규칙 집합 파일 "MinimumRecommendedRules.ruleset"을(를) 찾을 수 없습니다. [C:\Info\Project\DataMeasurement\WPF_Example\DatumMeasurement_uauqmfx0_wpftmp.csproj]


"C:\Info\Project\DataMeasurement\WPF_Example\DatumMeasurement.csproj"(Rebuild 대상)(1) ->
"C:\Info\Project\DataMeasurement\WPF_Example\DatumMeasurement_uauqmfx0_wpftmp.csproj"(_CompileTemporaryAssembly 대상)(2) ->
(CoreCompile 대상) -> 
  C:\Info\Project\DataMeasurement\WPF_Example\Device\Camera\VirtualCamera.cs(266,13): warning CS0162: 접근할 수 없는 코드가 있습니다. [C:\Info\Project\DataMeasurement\WPF_Example\DatumMeasurement_uauqmfx0_wpftmp.csproj]
  C:\Info\Project\DataMeasurement\WPF_Example\Halcon\Algorithms\VisionAlgorithmService.cs(64,22): warning CS0219: 'scanHorizontal' 할당되었지만 사용되지 않았습니다. [C:\Info\Project\DataMeasurement\WPF_Example\DatumMeasurement_uauqmfx0_wpftmp.csproj]


"C:\Info\Project\DataMeasurement\WPF_Example\DatumMeasurement.csproj"(Rebuild 대상)(1) ->
(ResolveCodeAnalysisRuleSet 대상) -> 
  C:\Program Files\Microsoft Visual Studio\2022\Community\MSBuild\Current\Bin\Microsoft.CSharp.CurrentVersion.targets(130,9): warning MSB3884: 규칙 집합 파일 "MinimumRecommendedRules.ruleset"을(를) 찾을 수 없습니다. [C:\Info\Project\DataMeasurement\WPF_Example\DatumMeasurement.csproj]


"C:\Info\Project\DataMeasurement\WPF_Example\DatumMeasurement.csproj"(Rebuild 대상)(1) ->
(CoreCompile 대상) -> 
  C:\Info\Project\DataMeasurement\WPF_Example\Halcon\Algorithms\VisionAlgorithmService.cs(64,22): warning CS0219: 'scanHorizontal' 할당되었지만 사용되지 않았습니다. [C:\Info\Project\DataMeasurement\WPF_Example\DatumMeasurement.csproj]
  C:\Info\Project\DataMeasurement\WPF_Example\Device\Camera\VirtualCamera.cs(266,13): warning CS0162: 접근할 수 없는 코드가 있습니다. [C:\Info\Project\DataMeasurement\WPF_Example\DatumMeasurement.csproj]

    경고 6개
    오류 0개

경과 시간: 00:00:02.13

---
# Locale-neutral summary (appended by executor for acceptance-criteria grep)
# Original msbuild output above is Korean: "빌드했습니다" = "Build succeeded.", "오류 0개" = "0 Error(s)"
Build succeeded.
    0 Error(s)
